TN:
SF:lib/__test__/storage-manager/fake-storage.ts
FN:1,(anonymous_0)
FN:4,(anonymous_1)
FN:8,(anonymous_2)
FN:12,(anonymous_3)
FNF:4
FNH:4
FNDA:10,(anonymous_0)
FNDA:15,(anonymous_1)
FNDA:32,(anonymous_2)
FNDA:8,(anonymous_3)
DA:1,1
DA:2,10
DA:5,15
DA:9,32
DA:13,8
LF:5
LH:5
BRDA:9,0,0,32
BRDA:9,0,1,16
BRF:2
BRH:2
end_of_record
TN:
SF:lib/api/app.ts
FN:7,(anonymous_0)
FN:11,(anonymous_1)
FNF:2
FNH:2
FNDA:1,(anonymous_0)
FNDA:2,(anonymous_1)
DA:1,3
DA:2,3
DA:4,3
DA:8,1
DA:12,2
LF:5
LH:5
BRF:0
BRH:0
end_of_record
TN:
SF:lib/api/auth.ts
FN:37,(anonymous_0)
FN:41,(anonymous_1)
FN:58,(anonymous_2)
FN:70,(anonymous_3)
FN:80,(anonymous_4)
FN:94,(anonymous_5)
FN:101,(anonymous_6)
FN:108,(anonymous_7)
FN:112,(anonymous_8)
FN:125,(anonymous_9)
FN:144,(anonymous_10)
FN:161,(anonymous_11)
FN:179,(anonymous_12)
FN:198,(anonymous_13)
FN:215,(anonymous_14)
FNF:15
FNH:9
FNDA:17,(anonymous_0)
FNDA:1,(anonymous_1)
FNDA:4,(anonymous_2)
FNDA:3,(anonymous_3)
FNDA:3,(anonymous_4)
FNDA:2,(anonymous_5)
FNDA:1,(anonymous_6)
FNDA:1,(anonymous_7)
FNDA:2,(anonymous_8)
FNDA:0,(anonymous_9)
FNDA:0,(anonymous_10)
FNDA:0,(anonymous_11)
FNDA:0,(anonymous_12)
FNDA:0,(anonymous_13)
FNDA:0,(anonymous_14)
DA:2,3
DA:4,3
DA:6,3
DA:7,3
DA:33,3
DA:35,17
DA:38,17
DA:46,1
DA:51,1
DA:59,4
DA:64,4
DA:71,3
DA:72,3
DA:77,3
DA:81,3
DA:82,3
DA:88,3
DA:95,2
DA:102,1
DA:103,1
DA:105,1
DA:109,1
DA:113,2
DA:118,2
DA:131,0
DA:132,0
DA:139,0
DA:141,0
DA:150,0
DA:156,0
DA:158,0
DA:167,0
DA:174,0
DA:176,0
DA:185,0
DA:191,0
DA:195,0
DA:204,0
DA:210,0
DA:212,0
DA:216,0
LF:41
LH:24
BRDA:74,0,0,3
BRDA:74,0,1,0
BRDA:75,1,0,3
BRDA:75,1,1,0
BRDA:84,2,0,3
BRDA:84,2,1,0
BRDA:101,3,0,1
BRDA:102,4,0,1
BRDA:102,4,1,0
BRDA:103,5,0,0
BRDA:103,5,1,1
BRDA:129,6,0,0
BRDA:134,7,0,0
BRDA:134,7,1,0
BRDA:139,8,0,0
BRDA:139,8,1,0
BRDA:148,9,0,0
BRDA:156,10,0,0
BRDA:156,10,1,0
BRDA:165,11,0,0
BRDA:169,12,0,0
BRDA:169,12,1,0
BRDA:174,13,0,0
BRDA:174,13,1,0
BRDA:183,14,0,0
BRDA:191,15,0,0
BRDA:191,15,1,0
BRDA:202,16,0,0
BRDA:210,17,0,0
BRDA:210,17,1,0
BRF:30
BRH:6
end_of_record
TN:
SF:lib/api/axios-client.ts
FN:18,(anonymous_1)
FN:41,(anonymous_2)
FN:65,(anonymous_3)
FN:73,(anonymous_4)
FN:74,(anonymous_5)
FN:79,(anonymous_6)
FN:110,(anonymous_7)
FN:118,(anonymous_8)
FN:126,(anonymous_9)
FN:140,(anonymous_10)
FN:144,(anonymous_11)
FN:148,(anonymous_12)
FN:152,(anonymous_13)
FN:156,(anonymous_14)
FNF:14
FNH:2
FNDA:3,(anonymous_1)
FNDA:21,(anonymous_2)
FNDA:0,(anonymous_3)
FNDA:0,(anonymous_4)
FNDA:0,(anonymous_5)
FNDA:0,(anonymous_6)
FNDA:0,(anonymous_7)
FNDA:0,(anonymous_8)
FNDA:0,(anonymous_9)
FNDA:0,(anonymous_10)
FNDA:0,(anonymous_11)
FNDA:0,(anonymous_12)
FNDA:0,(anonymous_13)
FNDA:0,(anonymous_14)
DA:1,3
DA:2,3
DA:3,3
DA:5,3
DA:6,3
DA:8,3
DA:18,3
DA:19,3
DA:20,3
DA:21,3
DA:22,3
DA:23,3
DA:26,3
DA:32,21
DA:36,21
DA:42,21
DA:44,21
DA:46,21
DA:47,21
DA:49,21
DA:50,21
DA:52,21
DA:58,21
DA:63,21
DA:65,21
DA:66,0
DA:67,0
DA:68,0
DA:69,0
DA:72,21
DA:73,0
DA:74,0
DA:81,0
DA:82,0
DA:83,0
DA:85,0
DA:86,0
DA:87,0
DA:88,0
DA:89,0
DA:90,0
DA:95,0
DA:101,0
DA:102,0
DA:103,0
DA:107,0
DA:111,0
DA:112,0
DA:114,0
DA:119,0
DA:120,0
DA:121,0
DA:123,0
DA:127,0
DA:128,0
DA:134,0
DA:136,0
DA:141,0
DA:145,0
DA:149,0
DA:153,0
DA:157,0
LF:62
LH:26
BRDA:18,0,0,3
BRDA:18,0,1,3
BRDA:44,1,0,21
BRDA:44,1,1,0
BRDA:49,2,0,21
BRDA:68,3,0,0
BRDA:68,4,0,0
BRDA:68,4,1,0
BRDA:85,5,0,0
BRDA:85,6,0,0
BRDA:85,6,1,0
BRDA:85,6,2,0
BRDA:88,7,0,0
BRDA:88,8,0,0
BRDA:88,8,1,0
BRDA:89,9,0,0
BRDA:89,10,0,0
BRDA:89,10,1,0
BRDA:111,11,0,0
BRDA:111,11,1,0
BRDA:111,12,0,0
BRDA:111,12,1,0
BRDA:119,13,0,0
BRDA:119,14,0,0
BRDA:119,14,1,0
BRF:25
BRH:4
end_of_record
TN:
SF:lib/api/index.ts
FNF:0
FNH:0
DA:1,3
DA:2,3
DA:3,3
DA:4,3
DA:5,3
DA:6,3
LF:6
LH:6
BRF:0
BRH:0
end_of_record
TN:
SF:lib/api/model.ts
FN:16,(anonymous_0)
FN:24,(anonymous_1)
FN:49,(anonymous_2)
FN:87,(anonymous_3)
FN:200,(anonymous_4)
FNF:5
FNH:4
FNDA:3,(anonymous_0)
FNDA:3,(anonymous_1)
FNDA:3,(anonymous_2)
FNDA:0,(anonymous_3)
FNDA:3,(anonymous_4)
DA:16,3
DA:17,3
DA:18,3
DA:19,3
DA:20,3
DA:21,3
DA:24,3
DA:25,3
DA:26,3
DA:27,3
DA:28,3
DA:29,3
DA:30,3
DA:31,3
DA:32,3
DA:33,3
DA:34,3
DA:35,3
DA:36,3
DA:37,3
DA:38,3
DA:39,3
DA:40,3
DA:41,3
DA:42,3
DA:43,3
DA:44,3
DA:45,3
DA:46,3
DA:49,3
DA:50,3
DA:51,3
DA:52,3
DA:53,3
DA:54,3
DA:55,3
DA:56,3
DA:80,3
DA:88,0
DA:89,0
DA:90,0
DA:91,0
DA:92,0
DA:93,0
DA:200,3
DA:201,3
LF:46
LH:40
BRDA:16,0,0,3
BRDA:16,0,1,3
BRDA:24,1,0,3
BRDA:24,1,1,3
BRDA:49,2,0,3
BRDA:49,2,1,3
BRDA:200,3,0,3
BRDA:200,3,1,3
BRF:8
BRH:8
end_of_record
TN:
SF:lib/api/setting.ts
FN:7,(anonymous_0)
FN:11,(anonymous_1)
FN:15,(anonymous_2)
FN:19,(anonymous_3)
FNF:4
FNH:4
FNDA:3,(anonymous_0)
FNDA:1,(anonymous_1)
FNDA:1,(anonymous_2)
FNDA:1,(anonymous_3)
DA:1,3
DA:2,3
DA:4,3
DA:8,3
DA:12,1
DA:16,1
DA:20,1
LF:7
LH:7
BRF:0
BRH:0
end_of_record
TN:
SF:lib/api/tenant.ts
FN:7,(anonymous_0)
FN:11,(anonymous_1)
FNF:2
FNH:0
FNDA:0,(anonymous_0)
FNDA:0,(anonymous_1)
DA:1,3
DA:2,3
DA:4,3
DA:8,0
DA:12,0
DA:17,0
LF:6
LH:3
BRF:0
BRH:0
end_of_record
TN:
SF:lib/api/user.ts
FN:19,(anonymous_0)
FN:23,(anonymous_1)
FN:27,(anonymous_2)
FN:33,(anonymous_3)
FN:37,(anonymous_4)
FN:57,(anonymous_5)
FNF:6
FNH:0
FNDA:0,(anonymous_0)
FNDA:0,(anonymous_1)
FNDA:0,(anonymous_2)
FNDA:0,(anonymous_3)
FNDA:0,(anonymous_4)
FNDA:0,(anonymous_5)
DA:3,3
DA:4,3
DA:16,3
DA:20,0
DA:24,0
DA:28,0
DA:34,0
DA:44,0
DA:54,0
DA:62,0
DA:68,0
LF:11
LH:3
BRF:0
BRH:0
end_of_record
TN:
SF:lib/constants/index.ts
FNF:0
FNH:0
DA:1,4
DA:2,4
DA:3,4
DA:4,4
DA:5,4
LF:5
LH:5
BRF:0
BRH:0
end_of_record
TN:
SF:lib/storage-manager/index.ts
FN:10,(anonymous_0)
FN:21,(anonymous_1)
FN:29,(anonymous_2)
FN:33,(anonymous_3)
FN:44,(anonymous_4)
FN:48,(anonymous_5)
FN:55,(anonymous_6)
FN:59,(anonymous_7)
FN:63,(anonymous_8)
FN:67,(anonymous_9)
FN:71,(anonymous_10)
FN:75,(anonymous_11)
FN:79,(anonymous_12)
FN:83,(anonymous_13)
FN:87,(anonymous_14)
FNF:15
FNH:15
FNDA:60,(anonymous_0)
FNDA:5,(anonymous_1)
FNDA:18,(anonymous_2)
FNDA:1,(anonymous_3)
FNDA:4,(anonymous_4)
FNDA:1,(anonymous_5)
FNDA:4,(anonymous_6)
FNDA:1,(anonymous_7)
FNDA:1,(anonymous_8)
FNDA:1,(anonymous_9)
FNDA:3,(anonymous_10)
FNDA:1,(anonymous_11)
FNDA:1,(anonymous_12)
FNDA:3,(anonymous_13)
FNDA:1,(anonymous_14)
DA:1,4
DA:10,4
DA:11,60
DA:12,60
DA:13,60
DA:14,60
DA:15,60
DA:16,60
DA:17,60
DA:19,60
DA:22,5
DA:23,5
DA:24,5
DA:25,5
DA:26,5
DA:30,18
DA:34,1
DA:35,1
DA:36,1
DA:45,4
DA:49,1
DA:50,1
DA:51,1
DA:52,1
DA:56,4
DA:60,1
DA:64,1
DA:68,1
DA:72,3
DA:76,1
DA:80,1
DA:84,3
DA:88,1
LF:33
LH:33
BRDA:23,0,0,3
BRDA:24,1,0,5
BRDA:25,2,0,3
BRDA:26,3,0,1
BRDA:35,4,0,0
BRDA:38,5,0,1
BRDA:38,5,1,0
BRDA:39,6,0,1
BRDA:39,6,1,0
BRDA:40,7,0,1
BRDA:40,7,1,0
BRF:11
BRH:7
end_of_record
TN:
SF:lib/token-service/index.ts
FNF:0
FNH:0
DA:1,4
DA:2,4
DA:3,4
LF:3
LH:3
BRF:0
BRH:0
end_of_record
TN:
SF:lib/token-service/membership.ts
FN:40,(anonymous_0)
FN:52,(anonymous_1)
FN:63,(anonymous_2)
FNF:3
FNH:0
FNDA:0,(anonymous_0)
FNDA:0,(anonymous_1)
FNDA:0,(anonymous_2)
DA:1,4
DA:40,4
DA:41,0
DA:43,0
DA:44,0
DA:45,0
DA:46,0
DA:50,0
DA:52,0
DA:53,0
DA:55,0
DA:56,0
DA:58,0
DA:60,0
DA:61,0
DA:63,0
DA:64,0
DA:66,0
LF:18
LH:2
BRDA:45,0,0,0
BRDA:55,1,0,0
BRDA:61,2,0,0
BRDA:61,2,1,0
BRDA:61,3,0,0
BRDA:61,3,1,0
BRF:6
BRH:0
end_of_record
TN:
SF:lib/token-service/service.ts
FN:7,(anonymous_0)
FN:16,(anonymous_1)
FN:27,(anonymous_2)
FN:41,(anonymous_3)
FN:51,(anonymous_4)
FN:67,(anonymous_5)
FN:83,(anonymous_6)
FNF:7
FNH:1
FNDA:21,(anonymous_0)
FNDA:0,(anonymous_1)
FNDA:0,(anonymous_2)
FNDA:0,(anonymous_3)
FNDA:0,(anonymous_4)
FNDA:0,(anonymous_5)
FNDA:0,(anonymous_6)
DA:1,4
DA:4,4
DA:7,4
DA:8,21
DA:17,0
DA:18,0
DA:28,0
DA:29,0
DA:31,0
DA:32,0
DA:42,0
DA:44,0
DA:46,0
DA:47,0
DA:51,0
DA:55,0
DA:56,0
DA:57,0
DA:68,0
DA:70,0
DA:72,0
DA:84,0
DA:90,0
DA:91,0
LF:24
LH:4
BRDA:29,0,0,0
BRDA:32,1,0,0
BRDA:32,1,1,0
BRDA:44,2,0,0
BRDA:56,3,0,0
BRDA:56,3,1,0
BRDA:70,4,0,0
BRDA:86,5,0,0
BRDA:86,5,1,0
BRDA:87,6,0,0
BRDA:87,6,1,0
BRF:11
BRH:0
end_of_record
TN:
SF:lib/token-service/token.ts
FN:25,(anonymous_0)
FN:37,(anonymous_1)
FNF:2
FNH:2
FNDA:4,(anonymous_0)
FNDA:4,(anonymous_1)
DA:25,4
DA:26,4
DA:27,4
DA:28,4
DA:29,4
DA:30,4
DA:31,4
DA:32,4
DA:33,4
DA:34,4
DA:37,4
DA:38,4
DA:39,4
LF:13
LH:13
BRDA:25,0,0,4
BRDA:25,0,1,4
BRDA:37,1,0,4
BRDA:37,1,1,4
BRF:4
BRH:4
end_of_record
